#
# There is insufficient memory for the Java Runtime Environment to continue.
# Native memory allocation (mmap) failed to map 130023424 bytes for G1 virtual space
# Possible reasons:
#   The system is out of physical RAM or swap space
#   The process is running with CompressedOops enabled, and the Java Heap may be blocking the growth of the native heap
# Possible solutions:
#   Reduce memory load on the system
#   Increase physical memory or swap space
#   Check if swap backing store is full
#   Decrease Java heap size (-Xmx/-Xms)
#   Decrease number of Java threads
#   Decrease Java thread stack sizes (-Xss)
#   Set larger code cache with -XX:ReservedCodeCacheSize=
#   JVM is running with Unscaled Compressed Oops mode in which the Java heap is
#     placed in the first 4GB address space. The Java Heap base address is the
#     maximum limit for the native heap growth. Please use -XX:HeapBaseMinAddress
#     to set the Java Heap base and to place the Java Heap above 4GB virtual address.
# This output file may be truncated or incomplete.
#
#  Out of Memory Error (os_windows.cpp:3541), pid=166464, tid=171480
#
# JRE version:  (17.0.4.1+1) (build )
# Java VM: OpenJDK 64-Bit Server VM (17.0.4.1+1, mixed mode, sharing, tiered, compressed oops, compressed class ptrs, g1 gc, windows-amd64)
# No core dump will be written. Minidumps are not enabled by default on client versions of Windows
#

---------------  S U M M A R Y ------------

Command Line: -Dfile.encoding=UTF-8 --module-path=C:\Users\T LAKSHMI MANASA\SimpliJavaProects\GitAndOOPS\FileOperationsExample\bin -XX:+ShowCodeDetailsInExceptionMessages -Djdk.module.main=FileOperationsExample FileOperationsExample/com.simpli.FileOperations

Host: 12th Gen Intel(R) Core(TM) i5-1235U, 12 cores, 7G,  Windows 11 , 64 bit Build 22000 (10.0.22000.1219)
Time: Tue Dec  6 23:52:08 2022 India Standard Time elapsed time: 0.013857 seconds (0d 0h 0m 0s)

---------------  T H R E A D  ---------------

Current thread (0x000001fbf8e9e760):  JavaThread "Unknown thread" [_thread_in_vm, id=171480, stack(0x0000007cfe100000,0x0000007cfe200000)]

Stack: [0x0000007cfe100000,0x0000007cfe200000]
Native frames: (J=compiled Java code, j=interpreted, Vv=VM code, C=native code)
V  [jvm.dll+0x67731a]
V  [jvm.dll+0x832284]
V  [jvm.dll+0x833a2e]
V  [jvm.dll+0x834093]
V  [jvm.dll+0x245775]
V  [jvm.dll+0x674209]
V  [jvm.dll+0x668a92]
V  [jvm.dll+0x30471b]
V  [jvm.dll+0x30bc66]
V  [jvm.dll+0x35ba9e]
V  [jvm.dll+0x35bccf]
V  [jvm.dll+0x2db5b8]
V  [jvm.dll+0x2dc524]
V  [jvm.dll+0x803db1]
V  [jvm.dll+0x3698f1]
V  [jvm.dll+0x7e31bc]
V  [jvm.dll+0x3ec25f]
V  [jvm.dll+0x3edde1]
C  [jli.dll+0x5277]
C  [ucrtbase.dll+0x26c0c]
C  [KERNEL32.DLL+0x15550]
C  [ntdll.dll+0x485b]


---------------  P R O C E S S  ---------------

Threads class SMR info:
_java_thread_list=0x00007fff28fa4e98, length=0, elements={
}

Java Threads: ( => current thread )

Other Threads:
  0x000001fbf8ef8f60 GCTaskThread "GC Thread#0" [stack: 0x0000007cfe200000,0x0000007cfe300000] [id=173324]
  0x000001fbf8f09620 ConcurrentGCThread "G1 Main Marker" [stack: 0x0000007cfe300000,0x0000007cfe400000] [id=170284]
  0x000001fbf8f0a030 ConcurrentGCThread "G1 Conc#0" [stack: 0x0000007cfe400000,0x0000007cfe500000] [id=171260]

[error occurred during error reporting (printing all threads), id 0xc0000005, EXCEPTION_ACCESS_VIOLATION (0xc0000005) at pc=0x00007fff2877c047]

VM state: not at safepoint (not fully initialized)

VM Mutex/Monitor currently owned by a thread:  ([mutex/lock_event])
[0x000001fbf8e98050] Heap_lock - owner thread: 0x000001fbf8e9e760

Heap address: 0x0000000084400000, size: 1980 MB, Compressed Oops mode: 32-bit

CDS archive(s) mapped at: [0x0000000000000000-0x0000000000000000-0x0000000000000000), size 0, SharedBaseAddress: 0x0000000800000000, ArchiveRelocationMode: 0.
Narrow klass base: 0x0000000000000000, Narrow klass shift: 0, Narrow klass range: 0x0

GC Precious Log:
<Empty>

Heap:
 garbage-first heap   total 0K, used 0K [0x0000000084400000, 0x0000000100000000)
  region size 1024K, 0 young (0K), 0 survivors (0K)

[error occurred during error reporting (printing heap information), id 0xc0000005, EXCEPTION_ACCESS_VIOLATION (0xc0000005) at pc=0x00007fff28b60699]

GC Heap History (0 events):
No events

Deoptimization events (0 events):
No events

Classes unloaded (0 events):
No events

Classes redefined (0 events):
No events

Internal exceptions (0 events):
No events

VM Operations (0 events):
No events

Events (1 events):
Event: 0.008 Loaded shared library C:\Users\T LAKSHMI MANASA\.p2\pool\plugins\org.eclipse.justj.openjdk.hotspot.jre.full.win32.x86_64_17.0.4.v20221004-1257\jre\bin\java.dll


Dynamic libraries:
0x00007ff77bde0000 - 0x00007ff77bdee000 	C:\Users\T LAKSHMI MANASA\.p2\pool\plugins\org.eclipse.justj.openjdk.hotspot.jre.full.win32.x86_64_17.0.4.v20221004-1257\jre\bin\javaw.exe
0x00007fffd44a0000 - 0x00007fffd46a9000 	C:\Windows\SYSTEM32\ntdll.dll
0x00007fffd2500000 - 0x00007fffd25be000 	C:\Windows\System32\KERNEL32.DLL
0x00007fffd1d90000 - 0x00007fffd210b000 	C:\Windows\System32\KERNELBASE.dll
0x00007fffd1970000 - 0x00007fffd1a81000 	C:\Windows\System32\ucrtbase.dll
0x00007fffac4c0000 - 0x00007fffac4d8000 	C:\Users\T LAKSHMI MANASA\.p2\pool\plugins\org.eclipse.justj.openjdk.hotspot.jre.full.win32.x86_64_17.0.4.v20221004-1257\jre\bin\jli.dll
0x00007fffaf280000 - 0x00007fffaf299000 	C:\Users\T LAKSHMI MANASA\.p2\pool\plugins\org.eclipse.justj.openjdk.hotspot.jre.full.win32.x86_64_17.0.4.v20221004-1257\jre\bin\VCRUNTIME140.dll
0x00007fffd4090000 - 0x00007fffd423d000 	C:\Windows\System32\USER32.dll
0x00007fffd2110000 - 0x00007fffd2136000 	C:\Windows\System32\win32u.dll
0x00007fffd26b0000 - 0x00007fffd26d9000 	C:\Windows\System32\GDI32.dll
0x00007fffb07a0000 - 0x00007fffb0a45000 	C:\Windows\WinSxS\amd64_microsoft.windows.common-controls_6595b64144ccf1df_6.0.22000.120_none_9d947278b86cc467\COMCTL32.dll
0x00007fffd1b30000 - 0x00007fffd1c48000 	C:\Windows\System32\gdi32full.dll
0x00007fffd1a90000 - 0x00007fffd1b2d000 	C:\Windows\System32\msvcp_win.dll
0x00007fffd3fe0000 - 0x00007fffd4083000 	C:\Windows\System32\msvcrt.dll
0x00007fffd3fa0000 - 0x00007fffd3fd2000 	C:\Windows\System32\IMM32.DLL
0x00007fffb57f0000 - 0x00007fffb57fc000 	C:\Users\T LAKSHMI MANASA\.p2\pool\plugins\org.eclipse.justj.openjdk.hotspot.jre.full.win32.x86_64_17.0.4.v20221004-1257\jre\bin\vcruntime140_1.dll
0x00007fffa9650000 - 0x00007fffa96e1000 	C:\Users\T LAKSHMI MANASA\.p2\pool\plugins\org.eclipse.justj.openjdk.hotspot.jre.full.win32.x86_64_17.0.4.v20221004-1257\jre\bin\msvcp140.dll
0x00007fff28490000 - 0x00007fff290d6000 	C:\Users\T LAKSHMI MANASA\.p2\pool\plugins\org.eclipse.justj.openjdk.hotspot.jre.full.win32.x86_64_17.0.4.v20221004-1257\jre\bin\server\jvm.dll
0x00007fffd2d30000 - 0x00007fffd2dde000 	C:\Windows\System32\ADVAPI32.dll
0x00007fffd2c70000 - 0x00007fffd2d0e000 	C:\Windows\System32\sechost.dll
0x00007fffd23e0000 - 0x00007fffd2500000 	C:\Windows\System32\RPCRT4.dll
0x00007fffd43f0000 - 0x00007fffd43f8000 	C:\Windows\System32\PSAPI.DLL
0x00007fffc6660000 - 0x00007fffc6693000 	C:\Windows\SYSTEM32\WINMM.dll
0x00007fffa45e0000 - 0x00007fffa45e9000 	C:\Windows\SYSTEM32\WSOCK32.dll
0x00007fffd3630000 - 0x00007fffd369f000 	C:\Windows\System32\WS2_32.dll
0x00007fffbcf50000 - 0x00007fffbcf5a000 	C:\Windows\SYSTEM32\VERSION.dll
0x00007fffd09d0000 - 0x00007fffd09e8000 	C:\Windows\SYSTEM32\kernel.appcore.dll
0x00007fffcdf40000 - 0x00007fffcdf4a000 	C:\Users\T LAKSHMI MANASA\.p2\pool\plugins\org.eclipse.justj.openjdk.hotspot.jre.full.win32.x86_64_17.0.4.v20221004-1257\jre\bin\jimage.dll
0x00007fffcf330000 - 0x00007fffcf551000 	C:\Windows\SYSTEM32\DBGHELP.DLL
0x00007fffb0710000 - 0x00007fffb0741000 	C:\Windows\SYSTEM32\dbgcore.DLL
0x00007fffd1d10000 - 0x00007fffd1d8f000 	C:\Windows\System32\bcryptPrimitives.dll
0x00007fffafb20000 - 0x00007fffafb45000 	C:\Users\T LAKSHMI MANASA\.p2\pool\plugins\org.eclipse.justj.openjdk.hotspot.jre.full.win32.x86_64_17.0.4.v20221004-1257\jre\bin\java.dll

dbghelp: loaded successfully - version: 4.0.5 - missing functions: none
symbol engine: initialized successfully - sym options: 0x614 - pdb path: .;C:\Users\T LAKSHMI MANASA\.p2\pool\plugins\org.eclipse.justj.openjdk.hotspot.jre.full.win32.x86_64_17.0.4.v20221004-1257\jre\bin;C:\Windows\SYSTEM32;C:\Windows\WinSxS\amd64_microsoft.windows.common-controls_6595b64144ccf1df_6.0.22000.120_none_9d947278b86cc467;C:\Users\T LAKSHMI MANASA\.p2\pool\plugins\org.eclipse.justj.openjdk.hotspot.jre.full.win32.x86_64_17.0.4.v20221004-1257\jre\bin\server

VM Arguments:
jvm_args: -Dfile.encoding=UTF-8 --module-path=C:\Users\T LAKSHMI MANASA\SimpliJavaProects\GitAndOOPS\FileOperationsExample\bin -XX:+ShowCodeDetailsInExceptionMessages -Djdk.module.main=FileOperationsExample 
java_command: FileOperationsExample/com.simpli.FileOperations
java_class_path (initial): <not set>
Launcher Type: SUN_STANDARD

[Global flags]
     intx CICompilerCount                          = 4                                         {product} {ergonomic}
     uint ConcGCThreads                            = 3                                         {product} {ergonomic}
     uint G1ConcRefinementThreads                  = 10                                        {product} {ergonomic}
   size_t G1HeapRegionSize                         = 1048576                                   {product} {ergonomic}
    uintx GCDrainStackTargetSize                   = 64                                        {product} {ergonomic}
   size_t InitialHeapSize                          = 130023424                                 {product} {ergonomic}
   size_t MarkStackSize                            = 4194304                                   {product} {ergonomic}
   size_t MaxHeapSize                              = 2076180480                                {product} {ergonomic}
   size_t MinHeapDeltaBytes                        = 1048576                                   {product} {ergonomic}
   size_t MinHeapSize                              = 8388608                                   {product} {ergonomic}
    uintx NonNMethodCodeHeapSize                   = 5839372                                {pd product} {ergonomic}
    uintx NonProfiledCodeHeapSize                  = 122909434                              {pd product} {ergonomic}
    uintx ProfiledCodeHeapSize                     = 122909434                              {pd product} {ergonomic}
    uintx ReservedCodeCacheSize                    = 251658240                              {pd product} {ergonomic}
     bool SegmentedCodeCache                       = true                                      {product} {ergonomic}
     bool ShowCodeDetailsInExceptionMessages       = true                                   {manageable} {command line}
   size_t SoftMaxHeapSize                          = 2076180480                             {manageable} {ergonomic}
     bool UseCompressedClassPointers               = true                           {product lp64_product} {ergonomic}
     bool UseCompressedOops                        = true                           {product lp64_product} {ergonomic}
     bool UseG1GC                                  = true                                      {product} {ergonomic}
     bool UseLargePagesIndividualAllocation        = false                                  {pd product} {ergonomic}

Logging:
Log output configuration:
 #0: stdout all=warning uptime,level,tags
 #1: stderr all=off uptime,level,tags

Environment Variables:
JAVA_HOME=C:\Program Files\OpenJDK\jdk-11.0.17.8-hotspot\
PATH=C:/Users/T LAKSHMI MANASA/.p2/pool/plugins/org.eclipse.justj.openjdk.hotspot.jre.full.win32.x86_64_17.0.4.v20221004-1257/jre/bin/server;C:/Users/T LAKSHMI MANASA/.p2/pool/plugins/org.eclipse.justj.openjdk.hotspot.jre.full.win32.x86_64_17.0.4.v20221004-1257/jre/bin;C:\Program Files\OpenJDK\jdk-11.0.17.8-hotspot\bin;C:\Windows\system32;C:\Windows;C:\Windows\System32\Wbem;C:\Windows\System32\WindowsPowerShell\v1.0\;C:\Windows\System32\OpenSSH\;C:\Program Files\Git\cmd;C:\Users\T LAKSHMI MANASA\AppData\Local\Microsoft\WindowsApps;C:\Users\T LAKSHMI MANASA\AppData\Local\GitHubDesktop\bin;C:\Users\T LAKSHMI MANASA\OneDrive\Desktop;
USERNAME=T LAKSHMI MANASA
OS=Windows_NT
PROCESSOR_IDENTIFIER=Intel64 Family 6 Model 154 Stepping 4, GenuineIntel
TMP=C:\Users\TLAKSH~1\AppData\Local\Temp
TEMP=C:\Users\TLAKSH~1\AppData\Local\Temp



---------------  S Y S T E M  ---------------

OS:
 Windows 11 , 64 bit Build 22000 (10.0.22000.1219)
OS uptime: 23 days 15:23 hours
Hyper-V role detected

CPU: total 12 (initial active 12) (6 cores per cpu, 2 threads per core) family 6 model 154 stepping 4 microcode 0x41f, cx8, cmov, fxsr, ht, mmx, 3dnowpref, sse, sse2, sse3, ssse3, sse4.1, sse4.2, popcnt, lzcnt, tsc, tscinvbit, avx, avx2, aes, erms, clmul, bmi1, bmi2, adx, sha, fma, vzeroupper, clflush, clflushopt, clwb, hv

Memory: 4k page, system-wide physical 7916M (386M free)
TotalPageFile size 32492M (AvailPageFile size 71M)
current process WorkingSet (physical memory assigned to process): 10M, peak: 10M
current process commit charge ("private bytes"): 64M, peak: 188M

vm_info: OpenJDK 64-Bit Server VM (17.0.4.1+1) for windows-amd64 JRE (17.0.4.1+1), built on Aug 17 2022 07:42:43 by "temurin" with MS VC++ 16.7 (VS2019)

END.
